10F200 (12) 1/1090
10F202 (12) 2/1090
10F204 (12) 3/1090
10F206 (12) 4/1090
10F220 (12) 5/1090
10F222 (12) 6/1090
10F320 (14) 7/1090
10F322 (14) 8/1090
10LF320 (14) 9/1090
10LF322 (14) 10/1090
12C508 (12) 11/1090
12C508A (12) 12/1090
12C508A (12) 12/1090
12C509 (12) 13/1090
12C509A (12) 14/1090
12C509A (12) 14/1090
12C671 (14) 15/1090
12C672 (14) 16/1090
12CE518 (14) 17/1090
12CE519 (14) 18/1090
12CE673 (14) 19/1090
12CE674 (14) 20/1090
12CR509A (12) 21/1090
12F1501 (15) 22/1090
Adding ADCS bits to ADCON1
12F1571 (15) 23/1090
12F1572 (15) 24/1090
12F1612 (15) 25/1090
12F1822 (15) 26/1090
12F1840 (15) 27/1090
12F508 (12) 28/1090
12F509 (12) 29/1090
12F510 (12) 30/1090
12F519 (12) 31/1090
12F520 (12) 32/1090
;-----Bank0------------------
(A)Product_Not_Released_Legacy             EQU  H'0000'
;-----Bank0------------------
(A)Product_Not_Released_Legacy             EQU  H'0000'
;-----Bank0------------------
(A)Product_Not_Released_Legacy             EQU  H'0000'
;-----Bank0------------------
(A)Product_Not_Released_Legacy             EQU  H'0000'
Ghost chip, never manufactured
Could not build memory map
Chip data file is suspect
12F529T39A (12) 33/1090
12F529T48A (12) 34/1090
12F609 (14) 35/1090
12F615 (14) 36/1090
12F617 (14) 37/1090
12F629 (14) 38/1090
12F635 (14) 39/1090
12F675 (14) 40/1090
12F683 (14) 41/1090
12F752 (14) 42/1090
12HV609 (14) 43/1090
12HV615 (14) 44/1090
12HV752 (14) 45/1090
12LF1501 (15) 46/1090
Adding ADCS bits to ADCON1
12LF1552 (15) 47/1090
12LF1571 (15) 48/1090
12LF1572 (15) 49/1090
12LF1612 (15) 50/1090
12LF1822 (15) 51/1090
12LF1840 (15) 52/1090
12LF1840T39A (15) 53/1090
12LF1840T48A (15) 54/1090
12LF1840T39A (15) 53/1090
12LF1840T48A (15) 54/1090
14000 (14) 55/1090
Missing data in chipdata.csv
Could not build memory map
No pinout found, and could not guess
Unrecognised interrupt source:            WUIE
Unrecognised interrupt source:            PBIE
Unrecognised interrupt source:            I2CIE
Unrecognised interrupt source:            ADCIE
Unrecognised interrupt source:            OVFIE
Chip data file is suspect
16C432 (14) 56/1090
16C433 (14) 57/1090
16C505 (12) 58/1090
16C52 (12) 59/1090
16C54 (12) 60/1090
16C54A (12) 61/1090
16C54B (12) 62/1090
16C54C (12) 63/1090
16C54A (12) 61/1090
16C54B (12) 62/1090
16C54C (12) 63/1090
16C55 (12) 64/1090
16C554 (12) 65/1090
16C557 (12) 66/1090
16C558 (12) 67/1090
16C55A (12) 68/1090
16C554 (12) 65/1090
16C557 (12) 66/1090
16C558 (12) 67/1090
16C55A (12) 68/1090
16C56 (12) 69/1090
16C56A (12) 70/1090
16C56A (12) 70/1090
16C57 (12) 71/1090
16C57C (12) 72/1090
16C57C (12) 72/1090
16C58A (12) 73/1090
16C58B (12) 74/1090
16C61 (14) 75/1090
16C62 (14) 76/1090
16C620 (14) 77/1090
16C620A (14) 78/1090
16C621 (14) 79/1090
16C621A (14) 80/1090
16C622 (14) 81/1090
16C622A (14) 82/1090
16C62A (14) 83/1090
16C62B (14) 84/1090
16C620 (14) 77/1090
16C620A (14) 78/1090
16C620A (14) 78/1090
16C621 (14) 79/1090
16C621A (14) 80/1090
16C621A (14) 80/1090
16C622 (14) 81/1090
16C622A (14) 82/1090
16C622A (14) 82/1090
16C62A (14) 83/1090
16C62B (14) 84/1090
16C63 (14) 85/1090
16C63A (14) 86/1090
16C63A (14) 86/1090
16C64 (14) 87/1090
16C642 (14) 88/1090
16C64A (14) 89/1090
16C642 (14) 88/1090
16C64A (14) 89/1090
16C65 (14) 90/1090
16C65A (14) 91/1090
16C65B (14) 92/1090
16C65A (14) 91/1090
16C65B (14) 92/1090
16C66 (14) 93/1090
16C662 (14) 94/1090
16C662 (14) 94/1090
16C67 (14) 95/1090
16C71 (14) 96/1090
16C710 (14) 97/1090
16C711 (14) 98/1090
16C712 (14) 99/1090
16C715 (14) 100/1090
16C716 (14) 101/1090
16C717 (14) 102/1090
16C710 (14) 97/1090
16C711 (14) 98/1090
16C712 (14) 99/1090
16C715 (14) 100/1090
16C716 (14) 101/1090
16C717 (14) 102/1090
16C72 (14) 103/1090
16C72A (14) 104/1090
16C72A (14) 104/1090
16C73 (14) 105/1090
16C73A (14) 106/1090
16C73B (14) 107/1090
16C73A (14) 106/1090
16C73B (14) 107/1090
16C74 (14) 108/1090
16C745 (14) 109/1090
16C74A (14) 110/1090
16C74B (14) 111/1090
16C745 (14) 109/1090
16C74A (14) 110/1090
16C74B (14) 111/1090
16C76 (14) 112/1090
16C765 (14) 113/1090
16C765 (14) 113/1090
16C77 (14) 114/1090
16C770 (14) 115/1090
16C771 (14) 116/1090
16C773 (14) 117/1090
16C774 (14) 118/1090
16C770 (14) 115/1090
16C771 (14) 116/1090
16C773 (14) 117/1090
16C774 (14) 118/1090
16C781 (14) 119/1090
16C782 (14) 120/1090
16C84 (14) 121/1090
16C923 (14) 122/1090
16C924 (14) 123/1090
16C925 (14) 124/1090
16C926 (14) 125/1090
16CE623 (14) 126/1090
16CE624 (14) 127/1090
16CE625 (14) 128/1090
16CR54 (12) 129/1090
16CR54A (12) 130/1090
16CR54B (12) 131/1090
16CR54C (12) 132/1090
16CR54A (12) 130/1090
16CR54B (12) 131/1090
16CR54C (12) 132/1090
16CR56A (12) 133/1090
16CR57A (12) 134/1090
16CR57B (12) 135/1090
16CR57C (12) 136/1090
16CR58A (12) 137/1090
16CR58B (12) 138/1090
16CR62 (14) 139/1090
16CR620A (14) 140/1090
16CR620A (14) 140/1090
16CR63 (14) 141/1090
16CR64 (14) 142/1090
16CR65 (14) 143/1090
16CR72 (14) 144/1090
16CR73 (14) 145/1090
16CR74 (14) 146/1090
16CR76 (14) 147/1090
16CR77 (14) 148/1090
16CR83 (14) 149/1090
16CR84 (14) 150/1090
16CR926 (14) 151/1090
;-----Bank0------------------
(A)Old_and_Legacy             EQU  H'0000'
;-----Bank0------------------
(A)Old_and_Legacy             EQU  H'0000'
;-----Bank0------------------
(A)Old_and_Legacy             EQU  H'0000'
;-----Bank0------------------
(A)Old_and_Legacy             EQU  H'0000'
Ghost chip, never manufactured
Could not build memory map
Chip data file is suspect
16F1454 (15) 152/1090
16F1455 (15) 153/1090
16F1458 (15) 154/1090
Adding ADCS bits to ADCON1
16F1459 (15) 155/1090
16F1503 (15) 156/1090
Adding ADCS bits to ADCON1
16F1507 (15) 157/1090
16F1508 (15) 158/1090
Adding ADCS bits to ADCON1
16F1509 (15) 159/1090
Adding ADCS bits to ADCON1
16F1512 (15) 160/1090
16F1513 (15) 161/1090
16F1516 (15) 162/1090
16F1517 (15) 163/1090
16F1518 (15) 164/1090
16F1519 (15) 165/1090
16F15213 (15) 166/1090
Adding CHS bits to ADCON0
Adding ADCS bits to ADCON1
16F15214 (15) 167/1090
Adding CHS bits to ADCON0
Adding ADCS bits to ADCON1
16F15223 (15) 168/1090
Adding CHS bits to ADCON0
Adding ADCS bits to ADCON1
16F15224 (15) 169/1090
Adding CHS bits to ADCON0
Adding ADCS bits to ADCON1
16F15225 (15) 170/1090
Adding CHS bits to ADCON0
Adding ADCS bits to ADCON1
16F15243 (15) 171/1090
Adding CHS bits to ADCON0
Adding ADCS bits to ADCON1
16F15244 (15) 172/1090
Adding CHS bits to ADCON0
Adding ADCS bits to ADCON1
16F15245 (15) 173/1090
Adding CHS bits to ADCON0
Adding ADCS bits to ADCON1
16F15254 (15) 174/1090
Adding CHS bits to ADCON0
Adding ADCS bits to ADCON1
16F15255 (15) 175/1090
Adding CHS bits to ADCON0
Adding ADCS bits to ADCON1
16F15256 (15) 176/1090
Adding CHS bits to ADCON0
Adding ADCS bits to ADCON1
16F1526 (15) 177/1090
16F1527 (15) 178/1090
16F15274 (15) 179/1090
Adding CHS bits to ADCON0
Adding ADCS bits to ADCON1
16F15275 (15) 180/1090
Adding CHS bits to ADCON0
Adding ADCS bits to ADCON1
16F15276 (15) 181/1090
Adding CHS bits to ADCON0
Adding ADCS bits to ADCON1
16F15274 (15) 179/1090
Adding CHS bits to ADCON0
Adding ADCS bits to ADCON1
16F15275 (15) 180/1090
Adding CHS bits to ADCON0
Adding ADCS bits to ADCON1
16F15276 (15) 181/1090
Adding CHS bits to ADCON0
Adding ADCS bits to ADCON1
16F15313 (15) 182/1090
(R)
(R)
(R)
(R)
16F15323 (15) 183/1090
(R)
(R)
(R)
(R)
16F15324 (15) 184/1090
(R)
(R)
(R)
(R)
16F15325 (15) 185/1090
16F15344 (15) 186/1090
(R)
(R)
(R)
(R)
16F15345 (15) 187/1090
16F15354 (15) 188/1090
16F15355 (15) 189/1090
16F15356 (15) 190/1090
16F15375 (15) 191/1090
16F15376 (15) 192/1090
16F15385 (15) 193/1090
16F15386 (15) 194/1090
16F1574 (15) 195/1090
16F1575 (15) 196/1090
16F1578 (15) 197/1090
16F1579 (15) 198/1090
16F1613 (15) 199/1090
16F1614 (15) 200/1090
16F1615 (15) 201/1090
(R)OSFIE           EQU  H'0007'
(R)OSFIE           EQU  H'0007'
(R)OSFIE           EQU  H'0007'
(R)OSFIE           EQU  H'0007'
16F1618 (15) 202/1090
16F1619 (15) 203/1090
(R)OSFIE           EQU  H'0007'
(R)OSFIE           EQU  H'0007'
(R)OSFIE           EQU  H'0007'
(R)OSFIE           EQU  H'0007'
16F1703 (15) 204/1090
Adding ADCS bits to ADCON1
16F1704 (15) 205/1090
16F1705 (15) 206/1090
Adding ADCS bits to ADCON1
16F1707 (15) 207/1090
Adding ADCS bits to ADCON1
16F1708 (15) 208/1090
16F1709 (15) 209/1090
Adding ADCS bits to ADCON1
16F17114 (15) 210/1090
Adding CHS bits to ADCON0
16F17115 (15) 211/1090
Adding CHS bits to ADCON0
16F17124 (15) 212/1090
Adding CHS bits to ADCON0
16F17125 (15) 213/1090
Adding CHS bits to ADCON0
16F17126 (15) 214/1090
Adding CHS bits to ADCON0
16F1713 (15) 215/1090
Adding ADCS bits to ADCON1
16F17144 (15) 216/1090
Adding CHS bits to ADCON0
16F17145 (15) 217/1090
Adding CHS bits to ADCON0
16F17146 (15) 218/1090
Adding CHS bits to ADCON0
16F1716 (15) 219/1090
Adding ADCS bits to ADCON1
16F1717 (15) 220/1090
Adding ADCS bits to ADCON1
16F1718 (15) 221/1090
Adding ADCS bits to ADCON1
16F1719 (15) 222/1090
Adding ADCS bits to ADCON1
16F1764 (15) 223/1090
(R)COG1IE            EQU  H'0005'
(R)COG1IE            EQU  H'0005'
(R)COG1IE            EQU  H'0005'
(R)COG1IE            EQU  H'0005'
Adding ADCS bits to ADCON1
16F1765 (15) 224/1090
(R)COG1IE            EQU  H'0005'
(R)COG1IE            EQU  H'0005'
(R)COG1IE            EQU  H'0005'
(R)COG1IE            EQU  H'0005'
Adding ADCS bits to ADCON1
16F1768 (15) 225/1090
(R)COG1IE            EQU  H'0005'
(R)COG1IE            EQU  H'0005'
(R)COG1IE            EQU  H'0005'
(R)COG1IE            EQU  H'0005'
Adding ADCS bits to ADCON1
16F1769 (15) 226/1090
(R)COG1IE            EQU  H'0005'
(R)COG1IE            EQU  H'0005'
(R)COG1IE            EQU  H'0005'
(R)COG1IE            EQU  H'0005'
Adding ADCS bits to ADCON1
16F1773 (15) 227/1090
(R)COG1IE            EQU  H'0004'
(R)COG1IE            EQU  H'0004'
(R)COG1IE            EQU  H'0004'
(R)COG1IE            EQU  H'0004'
Adding CHS bits to ADCON0
Adding ADCS bits to ADCON1
16F1776 (15) 228/1090
(R)COG1IE            EQU  H'0004'
(R)COG1IE            EQU  H'0004'
(R)COG1IE            EQU  H'0004'
(R)COG1IE            EQU  H'0004'
Adding CHS bits to ADCON0
Adding ADCS bits to ADCON1
16F1777 (15) 229/1090
(R)
(R)COG1IE            EQU  H'0004'
(R)
(R)
(R)
(R)
(R)
(R)
(R)
(R)
(R)COG1IE            EQU  H'0004'
(R)
(R)
(R)
(R)
(R)
(R)
(R)
(R)
(R)COG1IE            EQU  H'0004'
(R)
(R)
(R)
(R)
(R)
(R)
(R)
(R)
(R)COG1IE            EQU  H'0004'
(R)
(R)
(R)
(R)
(R)
(R)
(R)
Adding CHS bits to ADCON0
Adding ADCS bits to ADCON1
16F1778 (15) 230/1090
(R)COG1IE            EQU  H'0004'
(R)COG1IE            EQU  H'0004'
(R)COG1IE            EQU  H'0004'
(R)COG1IE            EQU  H'0004'
Adding CHS bits to ADCON0
Adding ADCS bits to ADCON1
16F1779 (15) 231/1090
(R)COG1IE            EQU  H'0004'
(R)COG1IE            EQU  H'0004'
(R)COG1IE            EQU  H'0004'
(R)COG1IE            EQU  H'0004'
Adding CHS bits to ADCON0
Adding ADCS bits to ADCON1
16F1782 (15) 232/1090
16F1783 (15) 233/1090
16F1784 (15) 234/1090
16F1786 (15) 235/1090
16F1787 (15) 236/1090
16F1788 (15) 237/1090
16F1789 (15) 238/1090
16F18015 (15) 239/1090
;----- SSP1CON2 Bits -----------------------------------------------------
(A)SSP1CON2_SEN     EQU  H'0000'
;----- SSP1CON2 Bits -----------------------------------------------------
(A)SSP1CON2_SEN     EQU  H'0000'
;----- SSP1CON2 Bits -----------------------------------------------------
(A)SSP1CON2_SEN     EQU  H'0000'
;----- SSP1CON2 Bits -----------------------------------------------------
(A)SSP1CON2_SEN     EQU  H'0000'
Adding CHS bits to ADCON0
16F18025 (15) 240/1090
;----- SSP1CON2 Bits -----------------------------------------------------
(A)SSP1CON2_SEN     EQU  H'0000'
;----- SSP1CON2 Bits -----------------------------------------------------
(A)SSP1CON2_SEN     EQU  H'0000'
;----- SSP1CON2 Bits -----------------------------------------------------
(A)SSP1CON2_SEN     EQU  H'0000'
;----- SSP1CON2 Bits -----------------------------------------------------
(A)SSP1CON2_SEN     EQU  H'0000'
Adding CHS bits to ADCON0
16F18026 (15) 241/1090
;----- SSP1CON2 Bits -----------------------------------------------------
(A)SSP1CON2_SEN     EQU  H'0000'
;----- SSP1CON2 Bits -----------------------------------------------------
(A)SSP1CON2_SEN     EQU  H'0000'
;----- SSP1CON2 Bits -----------------------------------------------------
(A)SSP1CON2_SEN     EQU  H'0000'
;----- SSP1CON2 Bits -----------------------------------------------------
(A)SSP1CON2_SEN     EQU  H'0000'
Adding CHS bits to ADCON0
16F18044 (15) 242/1090
;----- SSP1CON2 Bits -----------------------------------------------------
(A)SSP1CON2_SEN     EQU  H'0000'
;----- SSP1CON2 Bits -----------------------------------------------------
(A)SSP1CON2_SEN     EQU  H'0000'
;----- SSP1CON2 Bits -----------------------------------------------------
(A)SSP1CON2_SEN     EQU  H'0000'
;----- SSP1CON2 Bits -----------------------------------------------------
(A)SSP1CON2_SEN     EQU  H'0000'
Adding CHS bits to ADCON0
16F18045 (15) 243/1090
;----- SSP1CON2 Bits -----------------------------------------------------
(A)SSP1CON2_SEN     EQU  H'0000'
;----- SSP1CON2 Bits -----------------------------------------------------
(A)SSP1CON2_SEN     EQU  H'0000'
;----- SSP1CON2 Bits -----------------------------------------------------
(A)SSP1CON2_SEN     EQU  H'0000'
;----- SSP1CON2 Bits -----------------------------------------------------
(A)SSP1CON2_SEN     EQU  H'0000'
Adding CHS bits to ADCON0
16F18046 (15) 244/1090
;----- SSP1CON2 Bits -----------------------------------------------------
(A)SSP1CON2_SEN     EQU  H'0000'
;----- SSP1CON2 Bits -----------------------------------------------------
(A)SSP1CON2_SEN     EQU  H'0000'
;----- SSP1CON2 Bits -----------------------------------------------------
(A)SSP1CON2_SEN     EQU  H'0000'
;----- SSP1CON2 Bits -----------------------------------------------------
(A)SSP1CON2_SEN     EQU  H'0000'
Adding CHS bits to ADCON0
16F18054 (15) 245/1090
;----- SSP1CON2 Bits -----------------------------------------------------
(A)SSP1CON2_SEN     EQU  H'0000'
;----- SSP1CON2 Bits -----------------------------------------------------
(A)SSP1CON2_SEN     EQU  H'0000'
;----- SSP1CON2 Bits -----------------------------------------------------
(A)SSP1CON2_SEN     EQU  H'0000'
;----- SSP1CON2 Bits -----------------------------------------------------
(A)SSP1CON2_SEN     EQU  H'0000'
Adding CHS bits to ADCON0
16F18055 (15) 246/1090
;----- SSP1CON2 Bits -----------------------------------------------------
(A)SSP1CON2_SEN     EQU  H'0000'
;----- SSP1CON2 Bits -----------------------------------------------------
(A)SSP1CON2_SEN     EQU  H'0000'
;----- SSP1CON2 Bits -----------------------------------------------------
(A)SSP1CON2_SEN     EQU  H'0000'
;----- SSP1CON2 Bits -----------------------------------------------------
(A)SSP1CON2_SEN     EQU  H'0000'
Adding CHS bits to ADCON0
16F18056 (15) 247/1090
;----- SSP1CON2 Bits -----------------------------------------------------
(A)SSP1CON2_SEN     EQU  H'0000'
;----- SSP1CON2 Bits -----------------------------------------------------
(A)SSP1CON2_SEN     EQU  H'0000'
;----- SSP1CON2 Bits -----------------------------------------------------
(A)SSP1CON2_SEN     EQU  H'0000'
;----- SSP1CON2 Bits -----------------------------------------------------
(A)SSP1CON2_SEN     EQU  H'0000'
Adding CHS bits to ADCON0
16F18074 (15) 248/1090
;----- SSP1CON2 Bits -----------------------------------------------------
(A)SSP1CON2_SEN     EQU  H'0000'
;----- SSP1CON2 Bits -----------------------------------------------------
(A)SSP1CON2_SEN     EQU  H'0000'
;----- SSP1CON2 Bits -----------------------------------------------------
(A)SSP1CON2_SEN     EQU  H'0000'
;----- SSP1CON2 Bits -----------------------------------------------------
(A)SSP1CON2_SEN     EQU  H'0000'
Adding CHS bits to ADCON0
16F18075 (15) 249/1090
;----- SSP1CON2 Bits -----------------------------------------------------
(A)SSP1CON2_SEN     EQU  H'0000'
;----- SSP1CON2 Bits -----------------------------------------------------
(A)SSP1CON2_SEN     EQU  H'0000'
;----- SSP1CON2 Bits -----------------------------------------------------
(A)SSP1CON2_SEN     EQU  H'0000'
;----- SSP1CON2 Bits -----------------------------------------------------
(A)SSP1CON2_SEN     EQU  H'0000'
;----- SSP1CON2 Bits -----------------------------------------------------
(A)SSP1CON2_SEN     EQU  H'0000'
;----- SSP1CON2 Bits -----------------------------------------------------
(A)SSP1CON2_SEN     EQU  H'0000'
;----- SSP1CON2 Bits -----------------------------------------------------
(A)SSP1CON2_SEN     EQU  H'0000'
;----- SSP1CON2 Bits -----------------------------------------------------
(A)SSP1CON2_SEN     EQU  H'0000'
Adding CHS bits to ADCON0
16F18076 (15) 250/1090
;----- SSP1CON2 Bits -----------------------------------------------------
(A)SSP1CON2_SEN     EQU  H'0000'
;----- SSP1CON2 Bits -----------------------------------------------------
(A)SSP1CON2_SEN     EQU  H'0000'
;----- SSP1CON2 Bits -----------------------------------------------------
(A)SSP1CON2_SEN     EQU  H'0000'
;----- SSP1CON2 Bits -----------------------------------------------------
(A)SSP1CON2_SEN     EQU  H'0000'
Adding CHS bits to ADCON0
16F18114 (15) 251/1090
Adding CHS bits to ADCON0
16F18115 (15) 252/1090
Adding CHS bits to ADCON0
16F18124 (15) 253/1090
Adding CHS bits to ADCON0
16F18125 (15) 254/1090
Adding CHS bits to ADCON0
16F18126 (15) 255/1090
Adding CHS bits to ADCON0
16F18144 (15) 256/1090
Adding CHS bits to ADCON0
16F18145 (15) 257/1090
Adding CHS bits to ADCON0
16F18146 (15) 258/1090
Adding CHS bits to ADCON0
16F1823 (15) 259/1090
16F1824 (15) 260/1090
16F1825 (15) 261/1090
16F1826 (15) 262/1090
16F1827 (15) 263/1090
16F1828 (15) 264/1090
16F1829 (15) 265/1090
16F1829LIN (15) 266/1090
16F1829LIN (15) 266/1090
16F18313 (15) 267/1090
16F18323 (15) 268/1090
16F18324 (15) 269/1090
16F18325 (15) 270/1090
16F18326 (15) 271/1090
16F18344 (15) 272/1090
16F18345 (15) 273/1090
16F18346 (15) 274/1090
16F18424 (15) 275/1090
Adding CHS bits to ADCON0
16F18425 (15) 276/1090
Adding CHS bits to ADCON0
16F18426 (15) 277/1090
Adding CHS bits to ADCON0
16F18444 (15) 278/1090
Adding CHS bits to ADCON0
16F18445 (15) 279/1090
Adding CHS bits to ADCON0
16F18446 (15) 280/1090
Adding CHS bits to ADCON0
16F18455 (15) 281/1090
Adding CHS bits to ADCON0
16F18456 (15) 282/1090
Adding CHS bits to ADCON0
16F1847 (15) 283/1090
16F18854 (15) 284/1090
Adding CHS bits to ADCON0
16F18855 (15) 285/1090
Adding CHS bits to ADCON0
16F18856 (15) 286/1090
Adding CHS bits to ADCON0
16F18857 (15) 287/1090
Adding CHS bits to ADCON0
16F18875 (15) 288/1090
Adding CHS bits to ADCON0
16F18876 (15) 289/1090
Adding CHS bits to ADCON0
16F18877 (15) 290/1090
Adding CHS bits to ADCON0
16F19155 (15) 291/1090
Adding CHS bits to ADCON0
16F19156 (15) 292/1090
Adding CHS bits to ADCON0
16F19175 (15) 293/1090
Adding CHS bits to ADCON0
16F19176 (15) 294/1090
Adding CHS bits to ADCON0
16F19185 (15) 295/1090
Adding CHS bits to ADCON0
16F19186 (15) 296/1090
Adding CHS bits to ADCON0
16F19195 (15) 297/1090
Adding CHS bits to ADCON0
16F19196 (15) 298/1090
Adding CHS bits to ADCON0
16F19197 (15) 299/1090
;-----Bank0------------------
(A)Old_and_Legacy             EQU  H'0000'
;-----Bank0------------------
(A)Old_and_Legacy             EQU  H'0000'
;-----Bank0------------------
(A)Old_and_Legacy             EQU  H'0000'
;-----Bank0------------------
(A)Old_and_Legacy             EQU  H'0000'
Adding CHS bits to ADCON0
16F1933 (15) 300/1090
16F1934 (15) 301/1090
16F1936 (15) 302/1090
16F1937 (15) 303/1090
16F1938 (15) 304/1090
16F1939 (15) 305/1090
16F1946 (15) 306/1090
16F1947 (15) 307/1090
16F505 (12) 308/1090
16F506 (12) 309/1090
16F526 (12) 310/1090
16F527 (12) 311/1090
Unrecognised interrupt source:            CWIE
16F54 (12) 312/1090
16F57 (12) 313/1090
16F570 (12) 314/1090
Unrecognised interrupt source:            CWIE
16F570 (12) 314/1090
Unrecognised interrupt source:            CWIE
16F59 (12) 315/1090
16F610 (14) 316/1090
16F616 (14) 317/1090
16F627 (14) 318/1090
(R)'DATA_CP_ON           EQU  H'3EFF'; Data memory code protected
(R)'DATA_CP_OFF          EQU  H'3FFF'; Data memory code protection off
(R)'DATA_CP_ON           EQU  H'3EFF'; Data memory code protected
(R)'DATA_CP_OFF          EQU  H'3FFF'; Data memory code protection off
(R)'DATA_CP_ON           EQU  H'3EFF'; Data memory code protected
(R)'DATA_CP_OFF          EQU  H'3FFF'; Data memory code protection off
(R)'DATA_CP_ON           EQU  H'3EFF'; Data memory code protected
(R)'DATA_CP_OFF          EQU  H'3FFF'; Data memory code protection off
16F627A (14) 319/1090
(R)'DATA_CP_ON           EQU  H'3EFF'; Data memory code protected
(R)'DATA_CP_OFF          EQU  H'3FFF'; Data memory code protection off
(R)'DATA_CP_ON           EQU  H'3EFF'; Data memory code protected
(R)'DATA_CP_OFF          EQU  H'3FFF'; Data memory code protection off
(R)'DATA_CP_ON           EQU  H'3EFF'; Data memory code protected
(R)'DATA_CP_OFF          EQU  H'3FFF'; Data memory code protection off
(R)'DATA_CP_ON           EQU  H'3EFF'; Data memory code protected
(R)'DATA_CP_OFF          EQU  H'3FFF'; Data memory code protection off
16F627A (14) 319/1090
(R)'DATA_CP_ON           EQU  H'3EFF'; Data memory code protected
(R)'DATA_CP_OFF          EQU  H'3FFF'; Data memory code protection off
(R)'DATA_CP_ON           EQU  H'3EFF'; Data memory code protected
(R)'DATA_CP_OFF          EQU  H'3FFF'; Data memory code protection off
(R)'DATA_CP_ON           EQU  H'3EFF'; Data memory code protected
(R)'DATA_CP_OFF          EQU  H'3FFF'; Data memory code protection off
(R)'DATA_CP_ON           EQU  H'3EFF'; Data memory code protected
(R)'DATA_CP_OFF          EQU  H'3FFF'; Data memory code protection off
16F628 (14) 320/1090
(R)'DATA_CP_ON           EQU  H'3EFF'; Data memory code protected
(R)'DATA_CP_OFF          EQU  H'3FFF'; Data memory code protection off
(R)'DATA_CP_ON           EQU  H'3EFF'; Data memory code protected
(R)'DATA_CP_OFF          EQU  H'3FFF'; Data memory code protection off
(R)'DATA_CP_ON           EQU  H'3EFF'; Data memory code protected
(R)'DATA_CP_OFF          EQU  H'3FFF'; Data memory code protection off
(R)'DATA_CP_ON           EQU  H'3EFF'; Data memory code protected
(R)'DATA_CP_OFF          EQU  H'3FFF'; Data memory code protection off
16F628A (14) 321/1090
(R)'DATA_CP_ON           EQU  H'3EFF'; Data memory code-protected
(R)'DATA_CP_OFF          EQU  H'3FFF'; Data memory code protection off
(R)'DATA_CP_ON           EQU  H'3EFF'; Data memory code-protected
(R)'DATA_CP_OFF          EQU  H'3FFF'; Data memory code protection off
(R)'DATA_CP_ON           EQU  H'3EFF'; Data memory code-protected
(R)'DATA_CP_OFF          EQU  H'3FFF'; Data memory code protection off
(R)'DATA_CP_ON           EQU  H'3EFF'; Data memory code-protected
(R)'DATA_CP_OFF          EQU  H'3FFF'; Data memory code protection off
16F628A (14) 321/1090
(R)'DATA_CP_ON           EQU  H'3EFF'; Data memory code-protected
(R)'DATA_CP_OFF          EQU  H'3FFF'; Data memory code protection off
(R)'DATA_CP_ON           EQU  H'3EFF'; Data memory code-protected
(R)'DATA_CP_OFF          EQU  H'3FFF'; Data memory code protection off
(R)'DATA_CP_ON           EQU  H'3EFF'; Data memory code-protected
(R)'DATA_CP_OFF          EQU  H'3FFF'; Data memory code protection off
(R)'DATA_CP_ON           EQU  H'3EFF'; Data memory code-protected
(R)'DATA_CP_OFF          EQU  H'3FFF'; Data memory code protection off
16F630 (14) 322/1090
16F631 (14) 323/1090
16F636 (14) 324/1090
16F639 (14) 325/1090
16F648A (14) 326/1090
16F676 (14) 327/1090
16F677 (14) 328/1090
16F684 (14) 329/1090
16F685 (14) 330/1090
16F687 (14) 331/1090
16F688 (14) 332/1090
16F689 (14) 333/1090
16F690 (14) 334/1090
16F707 (14) 335/1090
16F716 (14) 336/1090
16F72 (14) 337/1090
16F720 (14) 338/1090
16F721 (14) 339/1090
16F722 (14) 340/1090
16F722A (14) 341/1090
16F723 (14) 342/1090
16F723A (14) 343/1090
16F724 (14) 344/1090
16F726 (14) 345/1090
16F727 (14) 346/1090
16F720 (14) 338/1090
16F721 (14) 339/1090
16F722 (14) 340/1090
16F722A (14) 341/1090
16F722A (14) 341/1090
16F723 (14) 342/1090
16F723A (14) 343/1090
16F723A (14) 343/1090
16F724 (14) 344/1090
16F726 (14) 345/1090
16F727 (14) 346/1090
16F73 (14) 347/1090
16F737 (14) 348/1090
16F737 (14) 348/1090
16F74 (14) 349/1090
16F747 (14) 350/1090
16F747 (14) 350/1090
16F753 (14) 351/1090
16F76 (14) 352/1090
16F767 (14) 353/1090
16F767 (14) 353/1090
16F77 (14) 354/1090
16F777 (14) 355/1090
16F777 (14) 355/1090
16F785 (14) 356/1090
16F818 (14) 357/1090
16F819 (14) 358/1090
16F83 (14) 359/1090
16F84 (14) 360/1090
16F84A (14) 361/1090
16F84A (14) 361/1090
16F87 (14) 362/1090
16F870 (14) 363/1090
16F871 (14) 364/1090
16F872 (14) 365/1090
16F873 (14) 366/1090
16F873A (14) 367/1090
16F874 (14) 368/1090
16F874A (14) 369/1090
16F876 (14) 370/1090
16F876A (14) 371/1090
16F877 (14) 372/1090
16F877A (14) 373/1090
16F870 (14) 363/1090
16F871 (14) 364/1090
16F872 (14) 365/1090
16F873 (14) 366/1090
16F873A (14) 367/1090
16F873A (14) 367/1090
16F874 (14) 368/1090
16F874A (14) 369/1090
16F874A (14) 369/1090
16F876 (14) 370/1090
16F876A (14) 371/1090
16F876A (14) 371/1090
16F877 (14) 372/1090
16F877A (14) 373/1090
16F877A (14) 373/1090
16F88 (14) 374/1090
16F882 (14) 375/1090
16F883 (14) 376/1090
16F884 (14) 377/1090
16F886 (14) 378/1090
16F887 (14) 379/1090
16F882 (14) 375/1090
16F883 (14) 376/1090
16F884 (14) 377/1090
16F886 (14) 378/1090
16F887 (14) 379/1090
16F913 (14) 380/1090
16F914 (14) 381/1090
16F916 (14) 382/1090
16F917 (14) 383/1090
16F946 (14) 384/1090
16HV540 (14) 385/1090
Bit NOT_BODEN belongs to OPTION2 which is not defined
Bit BODL belongs to OPTION2 which is not defined
Bit SL belongs to OPTION2 which is not defined
Bit RL belongs to OPTION2 which is not defined
Bit NOT_SWDTEN belongs to OPTION2 which is not defined
Bit NOT_PCWU belongs to OPTION2 which is not defined
Bit BE belongs to OPTION2 which is not defined
Bit BL belongs to OPTION2 which is not defined
Bit SWE belongs to OPTION2 which is not defined
Bit WPC belongs to OPTION2 which is not defined
16HV610 (14) 386/1090
16HV616 (14) 387/1090
16HV753 (14) 388/1090
16HV785 (14) 389/1090
16LF1454 (15) 390/1090
16LF1455 (15) 391/1090
16LF1458 (15) 392/1090
Adding ADCS bits to ADCON1
16LF1459 (15) 393/1090
16LF1503 (15) 394/1090
Adding ADCS bits to ADCON1
16LF1507 (15) 395/1090
16LF1508 (15) 396/1090
Adding ADCS bits to ADCON1
16LF1509 (15) 397/1090
Adding ADCS bits to ADCON1
16LF1512 (15) 398/1090
16LF1513 (15) 399/1090
16LF1516 (15) 400/1090
16LF1517 (15) 401/1090
16LF1518 (15) 402/1090
16LF1519 (15) 403/1090
16LF1526 (15) 404/1090
16LF1527 (15) 405/1090
16LF15313 (15) 406/1090
(R)
(R)
(R)
(R)
16LF15323 (15) 407/1090
(R)
(R)
(R)
(R)
16LF15324 (15) 408/1090
(R)
(R)
(R)
(R)
16LF15325 (15) 409/1090
16LF15344 (15) 410/1090
(R)
(R)
(R)
(R)
16LF15345 (15) 411/1090
16LF15354 (15) 412/1090
16LF15355 (15) 413/1090
16LF15356 (15) 414/1090
16LF15375 (15) 415/1090
16LF15376 (15) 416/1090
16LF15385 (15) 417/1090
16LF15386 (15) 418/1090
16LF1554 (15) 419/1090
16LF1559 (15) 420/1090
16LF1566 (15) 421/1090
16LF1567 (15) 422/1090
16LF1574 (15) 423/1090
16LF1575 (15) 424/1090
16LF1578 (15) 425/1090
16LF1579 (15) 426/1090
16LF1613 (15) 427/1090
16LF1614 (15) 428/1090
16LF1615 (15) 429/1090
(R)OSFIE           EQU  H'0007'
(R)OSFIE           EQU  H'0007'
(R)OSFIE           EQU  H'0007'
(R)OSFIE           EQU  H'0007'
16LF1618 (15) 430/1090
16LF1619 (15) 431/1090
(R)OSFIE           EQU  H'0007'
(R)OSFIE           EQU  H'0007'
(R)OSFIE           EQU  H'0007'
(R)OSFIE           EQU  H'0007'
16LF1703 (15) 432/1090
Adding ADCS bits to ADCON1
16LF1704 (15) 433/1090
16LF1705 (15) 434/1090
Adding ADCS bits to ADCON1
16LF1707 (15) 435/1090
Adding ADCS bits to ADCON1
16LF1708 (15) 436/1090
16LF1709 (15) 437/1090
Adding ADCS bits to ADCON1
Unrecognised interrupt source:            PIE1
Unrecognised interrupt source:            PIE3
16LF1713 (15) 438/1090
Adding ADCS bits to ADCON1
16LF1716 (15) 439/1090
Adding ADCS bits to ADCON1
16LF1717 (15) 440/1090
Adding ADCS bits to ADCON1
16LF1718 (15) 441/1090
Adding ADCS bits to ADCON1
16LF1719 (15) 442/1090
Adding ADCS bits to ADCON1
16LF1764 (15) 443/1090
(R)COG1IE            EQU  H'0005'
(R)COG1IE            EQU  H'0005'
(R)COG1IE            EQU  H'0005'
(R)COG1IE            EQU  H'0005'
Adding ADCS bits to ADCON1
16LF1765 (15) 444/1090
(R)COG1IE            EQU  H'0005'
(R)COG1IE            EQU  H'0005'
(R)COG1IE            EQU  H'0005'
(R)COG1IE            EQU  H'0005'
Adding ADCS bits to ADCON1
16LF1768 (15) 445/1090
(R)COG1IE            EQU  H'0005'
(R)COG1IE            EQU  H'0005'
(R)COG1IE            EQU  H'0005'
(R)COG1IE            EQU  H'0005'
Adding ADCS bits to ADCON1
16LF1769 (15) 446/1090
(R)COG1IE            EQU  H'0005'
(R)COG1IE            EQU  H'0005'
(R)COG1IE            EQU  H'0005'
(R)COG1IE            EQU  H'0005'
Adding ADCS bits to ADCON1
16LF1773 (15) 447/1090
(R)COG1IE            EQU  H'0004'
(R)COG1IE            EQU  H'0004'
(R)COG1IE            EQU  H'0004'
(R)COG1IE            EQU  H'0004'
Adding CHS bits to ADCON0
Adding ADCS bits to ADCON1
16LF1776 (15) 448/1090
(R)COG1IE            EQU  H'0004'
(R)COG1IE            EQU  H'0004'
(R)COG1IE            EQU  H'0004'
(R)COG1IE            EQU  H'0004'
Adding CHS bits to ADCON0
Adding ADCS bits to ADCON1
16LF1777 (15) 449/1090
(R)
(R)COG1IE            EQU  H'0004'
(R)
(R)
(R)
(R)
(R)
(R)
(R)
(R)
(R)COG1IE            EQU  H'0004'
(R)
(R)
(R)
(R)
(R)
(R)
(R)
(R)
(R)COG1IE            EQU  H'0004'
(R)
(R)
(R)
(R)
(R)
(R)
(R)
(R)
(R)COG1IE            EQU  H'0004'
(R)
(R)
(R)
(R)
(R)
(R)
(R)
Adding CHS bits to ADCON0
Adding ADCS bits to ADCON1
16LF1778 (15) 450/1090
(R)COG1IE            EQU  H'0004'
(R)COG1IE            EQU  H'0004'
(R)COG1IE            EQU  H'0004'
(R)COG1IE            EQU  H'0004'
Adding CHS bits to ADCON0
Adding ADCS bits to ADCON1
16LF1779 (15) 451/1090
(R)COG1IE            EQU  H'0004'
(R)COG1IE            EQU  H'0004'
(R)COG1IE            EQU  H'0004'
(R)COG1IE            EQU  H'0004'
Adding CHS bits to ADCON0
Adding ADCS bits to ADCON1
16LF1782 (15) 452/1090
16LF1783 (15) 453/1090
16LF1784 (15) 454/1090
16LF1786 (15) 455/1090
16LF1787 (15) 456/1090
16LF1788 (15) 457/1090
16LF1789 (15) 458/1090
16LF1823 (15) 459/1090
16LF1824 (15) 460/1090
16LF1824T39A (15) 461/1090
16LF1824T39A (15) 461/1090
16LF1825 (15) 462/1090
16LF1826 (15) 463/1090
16LF1827 (15) 464/1090
16LF1828 (15) 465/1090
16LF1829 (15) 466/1090
16LF18313 (15) 467/1090
16LF18323 (15) 468/1090
16LF18324 (15) 469/1090
16LF18325 (15) 470/1090
16LF18326 (15) 471/1090
16LF18344 (15) 472/1090
16LF18345 (15) 473/1090
16LF18346 (15) 474/1090
16LF18424 (15) 475/1090
Adding CHS bits to ADCON0
16LF18425 (15) 476/1090
Adding CHS bits to ADCON0
16LF18426 (15) 477/1090
Adding CHS bits to ADCON0
16LF18444 (15) 478/1090
Adding CHS bits to ADCON0
16LF18445 (15) 479/1090
Adding CHS bits to ADCON0
16LF18446 (15) 480/1090
Adding CHS bits to ADCON0
16LF18455 (15) 481/1090
Adding CHS bits to ADCON0
16LF18456 (15) 482/1090
Adding CHS bits to ADCON0
16LF1847 (15) 483/1090
16LF18854 (15) 484/1090
Adding CHS bits to ADCON0
16LF18855 (15) 485/1090
Adding CHS bits to ADCON0
16LF18856 (15) 486/1090
Adding CHS bits to ADCON0
16LF18857 (15) 487/1090
Adding CHS bits to ADCON0
16LF18875 (15) 488/1090
Adding CHS bits to ADCON0
16LF18876 (15) 489/1090
Adding CHS bits to ADCON0
16LF18877 (15) 490/1090
Adding CHS bits to ADCON0
16LF1902 (15) 491/1090
16LF1903 (15) 492/1090
16LF1904 (15) 493/1090
16LF1906 (15) 494/1090
16LF1907 (15) 495/1090
16LF19155 (15) 496/1090
Adding CHS bits to ADCON0
16LF19156 (15) 497/1090
Adding CHS bits to ADCON0
16LF19175 (15) 498/1090
Adding CHS bits to ADCON0
16LF19176 (15) 499/1090
Adding CHS bits to ADCON0
16LF19185 (15) 500/1090
Adding CHS bits to ADCON0
16LF19186 (15) 501/1090
Adding CHS bits to ADCON0
16LF19195 (15) 502/1090
Adding CHS bits to ADCON0
16LF19196 (15) 503/1090
Adding CHS bits to ADCON0
16LF19197 (15) 504/1090
Adding CHS bits to ADCON0
16LF1933 (15) 505/1090
16LF1934 (15) 506/1090
16LF1936 (15) 507/1090
16LF1937 (15) 508/1090
16LF1938 (15) 509/1090
16LF1939 (15) 510/1090
16LF1946 (15) 511/1090
16LF1947 (15) 512/1090
16LF627 (14) 513/1090
(R)'DATA_CP_ON           EQU  H'3EFF'; Data memory code protected
(R)'DATA_CP_OFF          EQU  H'3FFF'; Data memory code protection off
(R)'DATA_CP_ON           EQU  H'3EFF'; Data memory code protected
(R)'DATA_CP_OFF          EQU  H'3FFF'; Data memory code protection off
(R)'DATA_CP_ON           EQU  H'3EFF'; Data memory code protected
(R)'DATA_CP_OFF          EQU  H'3FFF'; Data memory code protection off
(R)'DATA_CP_ON           EQU  H'3EFF'; Data memory code protected
(R)'DATA_CP_OFF          EQU  H'3FFF'; Data memory code protection off
16LF627A (14) 514/1090
(R)'DATA_CP_OFF          EQU  H'3FFF'; Data memory code protection off
(R)'DATA_CP_OFF          EQU  H'3FFF'; Data memory code protection off
(R)'DATA_CP_OFF          EQU  H'3FFF'; Data memory code protection off
(R)'DATA_CP_OFF          EQU  H'3FFF'; Data memory code protection off
16LF627A (14) 514/1090
(R)'DATA_CP_OFF          EQU  H'3FFF'; Data memory code protection off
(R)'DATA_CP_OFF          EQU  H'3FFF'; Data memory code protection off
(R)'DATA_CP_OFF          EQU  H'3FFF'; Data memory code protection off
(R)'DATA_CP_OFF          EQU  H'3FFF'; Data memory code protection off
16LF628 (14) 515/1090
(R)'DATA_CP_ON           EQU  H'3EFF'; Data memory code protected
(R)'DATA_CP_OFF          EQU  H'3FFF'; Data memory code protection off
(R)'DATA_CP_ON           EQU  H'3EFF'; Data memory code protected
(R)'DATA_CP_OFF          EQU  H'3FFF'; Data memory code protection off
(R)'DATA_CP_ON           EQU  H'3EFF'; Data memory code protected
(R)'DATA_CP_OFF          EQU  H'3FFF'; Data memory code protection off
(R)'DATA_CP_ON           EQU  H'3EFF'; Data memory code protected
(R)'DATA_CP_OFF          EQU  H'3FFF'; Data memory code protection off
16LF628A (14) 516/1090
(R)'DATA_CP_ON           EQU  H'3EFF'; Data memory code-protected
(R)'DATA_CP_OFF          EQU  H'3FFF'; Data memory code protection off
(R)'DATA_CP_ON           EQU  H'3EFF'; Data memory code-protected
(R)'DATA_CP_OFF          EQU  H'3FFF'; Data memory code protection off
(R)'DATA_CP_ON           EQU  H'3EFF'; Data memory code-protected
(R)'DATA_CP_OFF          EQU  H'3FFF'; Data memory code protection off
(R)'DATA_CP_ON           EQU  H'3EFF'; Data memory code-protected
(R)'DATA_CP_OFF          EQU  H'3FFF'; Data memory code protection off
16LF628A (14) 516/1090
(R)'DATA_CP_ON           EQU  H'3EFF'; Data memory code-protected
(R)'DATA_CP_OFF          EQU  H'3FFF'; Data memory code protection off
(R)'DATA_CP_ON           EQU  H'3EFF'; Data memory code-protected
(R)'DATA_CP_OFF          EQU  H'3FFF'; Data memory code protection off
(R)'DATA_CP_ON           EQU  H'3EFF'; Data memory code-protected
(R)'DATA_CP_OFF          EQU  H'3FFF'; Data memory code protection off
(R)'DATA_CP_ON           EQU  H'3EFF'; Data memory code-protected
(R)'DATA_CP_OFF          EQU  H'3FFF'; Data memory code protection off
16LF648A (14) 517/1090
16LF707 (14) 518/1090
16LF720 (14) 519/1090
16LF721 (14) 520/1090
16LF722 (14) 521/1090
16LF722A (14) 522/1090
16LF722A (14) 522/1090
16LF723 (14) 523/1090
16LF723A (14) 524/1090
16LF723A (14) 524/1090
16LF724 (14) 525/1090
16LF726 (14) 526/1090
16LF727 (14) 527/1090
16LF73 (14) 528/1090
16LF74 (14) 529/1090
16LF747 (14) 530/1090
16LF747 (14) 530/1090
16LF76 (14) 531/1090
16LF767 (14) 532/1090
16LF767 (14) 532/1090
16LF77 (14) 533/1090
16LF777 (14) 534/1090
16LF777 (14) 534/1090
16LF818 (14) 535/1090
16LF819 (14) 536/1090
16LF83 (14) 537/1090
16LF84 (14) 538/1090
16LF84A (14) 539/1090
16LF84A (14) 539/1090
16LF87 (14) 540/1090
16LF870 (14) 541/1090
16LF871 (14) 542/1090
16LF872 (14) 543/1090
16LF873 (14) 544/1090
16LF873A (14) 545/1090
16LF874 (14) 546/1090
16LF874A (14) 547/1090
16LF876 (14) 548/1090
16LF876A (14) 549/1090
16LF877 (14) 550/1090
16LF877A (14) 551/1090
16LF870 (14) 541/1090
16LF871 (14) 542/1090
16LF872 (14) 543/1090
16LF873 (14) 544/1090
16LF873A (14) 545/1090
16LF873A (14) 545/1090
16LF874 (14) 546/1090
16LF874A (14) 547/1090
16LF874A (14) 547/1090
16LF876 (14) 548/1090
16LF876A (14) 549/1090
16LF876A (14) 549/1090
16LF877 (14) 550/1090
16LF877A (14) 551/1090
16LF877A (14) 551/1090
16LF88 (14) 552/1090
18C242 (16) 553/1090
Transforming Config from Bytes to Words
No DEBUG config bit!
18C252 (16) 554/1090
Transforming Config from Bytes to Words
No DEBUG config bit!
18C442 (16) 555/1090
Transforming Config from Bytes to Words
No DEBUG config bit!
18C452 (16) 556/1090
Transforming Config from Bytes to Words
No DEBUG config bit!
18C601 (16) 557/1090
Warning: W101: unusual int osc speed:0 (Has OSCCON, Has SPLLEN/PLLEN)
No DEBUG config bit!
18C658 (16) 558/1090
Transforming Config from Bytes to Words
No DEBUG config bit!
18C801 (16) 559/1090
Warning: W101: unusual int osc speed:0 (Has OSCCON, Has SPLLEN/PLLEN)
No DEBUG config bit!
18C858 (16) 560/1090
Transforming Config from Bytes to Words
No DEBUG config bit!
18F04Q40 (16) 561/1090
Transforming Config from Bytes to Words
Adding CHS bits to ADCON0
18F04Q41 (16) 562/1090
Transforming Config from Bytes to Words
Adding CHS bits to ADCON0
18F05Q40 (16) 563/1090
Transforming Config from Bytes to Words
Adding CHS bits to ADCON0
18F05Q41 (16) 564/1090
Transforming Config from Bytes to Words
Adding CHS bits to ADCON0
18F06Q40 (16) 565/1090
Transforming Config from Bytes to Words
Adding CHS bits to ADCON0
18F06Q41 (16) 566/1090
Transforming Config from Bytes to Words
Adding CHS bits to ADCON0
18F1220 (16) 567/1090
18F1230 (16) 568/1090
18F1320 (16) 569/1090
18F1330 (16) 570/1090
18F13K22 (16) 571/1090
Unrecognised interrupt source:            PIE
18F13K50 (16) 572/1090
18F14K22 (16) 573/1090
Unrecognised interrupt source:            PIE
18F14K22LIN (16) 574/1090
Unrecognised interrupt source:            PIE
18F14K22LIN (16) 574/1090
Unrecognised interrupt source:            PIE
18F14K50 (16) 575/1090
18F14Q40 (16) 576/1090
Transforming Config from Bytes to Words
Adding CHS bits to ADCON0
18F14Q41 (16) 577/1090
Transforming Config from Bytes to Words
Adding CHS bits to ADCON0
18F15Q40 (16) 578/1090
Transforming Config from Bytes to Words
Adding CHS bits to ADCON0
18F15Q41 (16) 579/1090
Transforming Config from Bytes to Words
Adding CHS bits to ADCON0
18F16Q40 (16) 580/1090
Transforming Config from Bytes to Words
Adding CHS bits to ADCON0
18F16Q41 (16) 581/1090
Transforming Config from Bytes to Words
Adding CHS bits to ADCON0
18F2220 (16) 582/1090
18F2221 (16) 583/1090
18F2320 (16) 584/1090
18F2321 (16) 585/1090
18F2331 (16) 586/1090
18F23K20 (16) 587/1090
18F23K22 (16) 588/1090
18F2410 (16) 589/1090
18F242 (16) 590/1090
18F2420 (16) 591/1090
18F2423 (16) 592/1090
18F2420 (16) 591/1090
18F2423 (16) 592/1090
18F2431 (16) 593/1090
18F2439 (16) 594/1090
18F2450 (16) 595/1090
18F2455 (16) 596/1090
18F2458 (16) 597/1090
18F248 (16) 598/1090
Unrecognised interrupt source:            RX0IE
Unrecognised interrupt source:            RX1IE
Unrecognised interrupt source:            TX0IE
Unrecognised interrupt source:            IVRE
18F2480 (16) 599/1090
18F2480 (16) 599/1090
18F24J10 (16) 600/1090
18F24J11 (16) 601/1090
18F24J50 (16) 602/1090
18F24K20 (16) 603/1090
18F24K22 (16) 604/1090
18F24K40 (16) 605/1090
18F24K42 (16) 606/1090
Adding CHS bits to ADCON0
18F24K50 (16) 607/1090
Adding CHS bits to ADCON0
18F24Q10 (16) 608/1090
18F24Q71 (16) 609/1090
Transforming Config from Bytes to Words
Adding CHS bits to ADCON0
18F2510 (16) 610/1090
18F2515 (16) 611/1090
18F252 (16) 612/1090
18F2520 (16) 613/1090
18F2523 (16) 614/1090
18F2525 (16) 615/1090
18F2520 (16) 613/1090
18F2523 (16) 614/1090
18F2525 (16) 615/1090
18F2539 (16) 616/1090
18F2550 (16) 617/1090
18F2553 (16) 618/1090
18F258 (16) 619/1090
Unrecognised interrupt source:            RX0IE
Unrecognised interrupt source:            RX1IE
Unrecognised interrupt source:            TX0IE
Unrecognised interrupt source:            IVRE
18F2580 (16) 620/1090
18F2585 (16) 621/1090
Added missing XINST default (set OFF)
18F2580 (16) 620/1090
18F2585 (16) 621/1090
Added missing XINST default (set OFF)
18F25J10 (16) 622/1090
18F25J11 (16) 623/1090
18F25J50 (16) 624/1090
18F25K20 (16) 625/1090
18F25K22 (16) 626/1090
18F25K40 (16) 627/1090
18F25K42 (16) 628/1090
Adding CHS bits to ADCON0
18F25K50 (16) 629/1090
Adding CHS bits to ADCON0
18F25K80 (16) 630/1090
No DEBUG config bit!
Added missing SOSCSEL default (set DIG)
18F25K83 (16) 631/1090
Added missing XINST default (set OFF)
Adding CHS bits to ADCON0
Unrecognised interrupt source:            FIFOFIE
18F25Q10 (16) 632/1090
18F25Q43 (16) 633/1090
Transforming Config from Bytes to Words
Adding CHS bits to ADCON0
18F25Q71 (16) 634/1090
Transforming Config from Bytes to Words
Adding CHS bits to ADCON0
18F2610 (16) 635/1090
18F2620 (16) 636/1090
18F2680 (16) 637/1090
18F2682 (16) 638/1090
18F2685 (16) 639/1090
18F26J11 (16) 640/1090
18F26J13 (16) 641/1090
No DEBUG config bit!
18F26J50 (16) 642/1090
18F26J53 (16) 643/1090
No DEBUG config bit!
18F26K20 (16) 644/1090
18F26K22 (16) 645/1090
18F26K40 (16) 646/1090
18F26K42 (16) 647/1090
Adding CHS bits to ADCON0
18F26K80 (16) 648/1090
No DEBUG config bit!
Added missing SOSCSEL default (set DIG)
18F26K83 (16) 649/1090
Added missing XINST default (set OFF)
Adding CHS bits to ADCON0
Unrecognised interrupt source:            FIFOFIE
18F26Q10 (16) 650/1090
18F26Q43 (16) 651/1090
Transforming Config from Bytes to Words
Adding CHS bits to ADCON0
18F26Q71 (16) 652/1090
Transforming Config from Bytes to Words
Adding CHS bits to ADCON0
18F26Q83 (16) 653/1090
Transforming Config from Bytes to Words
No DEBUG config bit!
Adding CHS bits to ADCON0
Unrecognised interrupt source:            CANIE
Unrecognised interrupt source:            CANRXIE
Unrecognised interrupt source:            CANTXIE
Unrecognised interrupt source:            PWM4PIE
Unrecognised interrupt source:            DMA7SCNTIE
Unrecognised interrupt source:            DMA7DCNTIE
Unrecognised interrupt source:            DMA7ORIE
Unrecognised interrupt source:            DMA7AIE
Unrecognised interrupt source:            DMA8SCNTIE
Unrecognised interrupt source:            DMA8DCNTIE
Unrecognised interrupt source:            DMA8ORIE
Unrecognised interrupt source:            DMA8AIE
18F26Q84 (16) 654/1090
Transforming Config from Bytes to Words
No DEBUG config bit!
Adding CHS bits to ADCON0
Unrecognised interrupt source:            CANIE
Unrecognised interrupt source:            CANRXIE
Unrecognised interrupt source:            CANTXIE
Unrecognised interrupt source:            PWM4PIE
Unrecognised interrupt source:            DMA7SCNTIE
Unrecognised interrupt source:            DMA7DCNTIE
Unrecognised interrupt source:            DMA7ORIE
Unrecognised interrupt source:            DMA7AIE
Unrecognised interrupt source:            DMA8SCNTIE
Unrecognised interrupt source:            DMA8DCNTIE
Unrecognised interrupt source:            DMA8ORIE
Unrecognised interrupt source:            DMA8AIE
18F27J13 (16) 655/1090
No DEBUG config bit!
18F27J53 (16) 656/1090
No DEBUG config bit!
18F27K40 (16) 657/1090
18F27K42 (16) 658/1090
Adding CHS bits to ADCON0
18F27Q10 (16) 659/1090
18F27Q43 (16) 660/1090
Transforming Config from Bytes to Words
Adding CHS bits to ADCON0
18F27Q83 (16) 661/1090
Transforming Config from Bytes to Words
No DEBUG config bit!
Adding CHS bits to ADCON0
Unrecognised interrupt source:            CANIE
Unrecognised interrupt source:            CANRXIE
Unrecognised interrupt source:            CANTXIE
Unrecognised interrupt source:            PWM4PIE
Unrecognised interrupt source:            DMA7SCNTIE
Unrecognised interrupt source:            DMA7DCNTIE
Unrecognised interrupt source:            DMA7ORIE
Unrecognised interrupt source:            DMA7AIE
Unrecognised interrupt source:            DMA8SCNTIE
Unrecognised interrupt source:            DMA8DCNTIE
Unrecognised interrupt source:            DMA8ORIE
Unrecognised interrupt source:            DMA8AIE
18F27Q84 (16) 662/1090
Transforming Config from Bytes to Words
No DEBUG config bit!
Adding CHS bits to ADCON0
Unrecognised interrupt source:            CANIE
Unrecognised interrupt source:            CANRXIE
Unrecognised interrupt source:            CANTXIE
Unrecognised interrupt source:            PWM4PIE
Unrecognised interrupt source:            DMA7SCNTIE
Unrecognised interrupt source:            DMA7DCNTIE
Unrecognised interrupt source:            DMA7ORIE
Unrecognised interrupt source:            DMA7AIE
Unrecognised interrupt source:            DMA8SCNTIE
Unrecognised interrupt source:            DMA8DCNTIE
Unrecognised interrupt source:            DMA8ORIE
Unrecognised interrupt source:            DMA8AIE
18F4220 (16) 663/1090
18F4221 (16) 664/1090
18F4320 (16) 665/1090
18F4321 (16) 666/1090
18F4331 (16) 667/1090
18F43K20 (16) 668/1090
18F43K22 (16) 669/1090
18F4410 (16) 670/1090
18F442 (16) 671/1090
18F4420 (16) 672/1090
18F4423 (16) 673/1090
18F4420 (16) 672/1090
18F4423 (16) 673/1090
18F4431 (16) 674/1090
18F4439 (16) 675/1090
18F4450 (16) 676/1090
18F4455 (16) 677/1090
18F4458 (16) 678/1090
18F448 (16) 679/1090
Unrecognised interrupt source:            RX0IE
Unrecognised interrupt source:            RX1IE
Unrecognised interrupt source:            TX0IE
Unrecognised interrupt source:            IVRE
18F4480 (16) 680/1090
18F4480 (16) 680/1090
18F44J10 (16) 681/1090
18F44J11 (16) 682/1090
18F44J50 (16) 683/1090
18F44K20 (16) 684/1090
18F44K22 (16) 685/1090
18F4510 (16) 686/1090
18F4515 (16) 687/1090
18F452 (16) 688/1090
18F4520 (16) 689/1090
18F4523 (16) 690/1090
18F4525 (16) 691/1090
18F4520 (16) 689/1090
18F4523 (16) 690/1090
18F4525 (16) 691/1090
18F4539 (16) 692/1090
18F4550 (16) 693/1090
18F4553 (16) 694/1090
18F458 (16) 695/1090
Unrecognised interrupt source:            RX0IE
Unrecognised interrupt source:            RX1IE
Unrecognised interrupt source:            TX0IE
Unrecognised interrupt source:            IVRE
18F4580 (16) 696/1090
18F4585 (16) 697/1090
Added missing XINST default (set OFF)
18F4580 (16) 696/1090
18F4585 (16) 697/1090
Added missing XINST default (set OFF)
18F45J10 (16) 698/1090
18F45J11 (16) 699/1090
18F45J50 (16) 700/1090
18F45K20 (16) 701/1090
18F45K22 (16) 702/1090
18F45K40 (16) 703/1090
18F45K42 (16) 704/1090
Adding CHS bits to ADCON0
18F45K50 (16) 705/1090
Adding CHS bits to ADCON0
18F45K80 (16) 706/1090
No DEBUG config bit!
Added missing SOSCSEL default (set DIG)
18F45Q10 (16) 707/1090
18F45Q43 (16) 708/1090
Transforming Config from Bytes to Words
Adding CHS bits to ADCON0
18F4610 (16) 709/1090
18F4620 (16) 710/1090
18F4680 (16) 711/1090
18F4682 (16) 712/1090
18F4685 (16) 713/1090
18F46J11 (16) 714/1090
18F46J13 (16) 715/1090
No DEBUG config bit!
18F46J50 (16) 716/1090
18F46J53 (16) 717/1090
No DEBUG config bit!
18F46K20 (16) 718/1090
18F46K22 (16) 719/1090
18F46K40 (16) 720/1090
18F46K42 (16) 721/1090
Adding CHS bits to ADCON0
18F46K80 (16) 722/1090
No DEBUG config bit!
Added missing SOSCSEL default (set DIG)
18F46Q10 (16) 723/1090
18F46Q43 (16) 724/1090
Transforming Config from Bytes to Words
Adding CHS bits to ADCON0
18F46Q71 (16) 725/1090
Transforming Config from Bytes to Words
Adding CHS bits to ADCON0
18F46Q83 (16) 726/1090
Transforming Config from Bytes to Words
No DEBUG config bit!
Adding CHS bits to ADCON0
Unrecognised interrupt source:            CANIE
Unrecognised interrupt source:            CANRXIE
Unrecognised interrupt source:            CANTXIE
Unrecognised interrupt source:            PWM4PIE
Unrecognised interrupt source:            DMA7SCNTIE
Unrecognised interrupt source:            DMA7DCNTIE
Unrecognised interrupt source:            DMA7ORIE
Unrecognised interrupt source:            DMA7AIE
Unrecognised interrupt source:            DMA8SCNTIE
Unrecognised interrupt source:            DMA8DCNTIE
Unrecognised interrupt source:            DMA8ORIE
Unrecognised interrupt source:            DMA8AIE
18F46Q84 (16) 727/1090
Transforming Config from Bytes to Words
No DEBUG config bit!
Adding CHS bits to ADCON0
Unrecognised interrupt source:            CANIE
Unrecognised interrupt source:            CANRXIE
Unrecognised interrupt source:            CANTXIE
Unrecognised interrupt source:            PWM4PIE
Unrecognised interrupt source:            DMA7SCNTIE
Unrecognised interrupt source:            DMA7DCNTIE
Unrecognised interrupt source:            DMA7ORIE
Unrecognised interrupt source:            DMA7AIE
Unrecognised interrupt source:            DMA8SCNTIE
Unrecognised interrupt source:            DMA8DCNTIE
Unrecognised interrupt source:            DMA8ORIE
Unrecognised interrupt source:            DMA8AIE
18F47J13 (16) 728/1090
No DEBUG config bit!
18F47J53 (16) 729/1090
No DEBUG config bit!
18F47K40 (16) 730/1090
18F47K42 (16) 731/1090
Adding CHS bits to ADCON0
18F47Q10 (16) 732/1090
18F47Q43 (16) 733/1090
Transforming Config from Bytes to Words
Adding CHS bits to ADCON0
18F47Q83 (16) 734/1090
Transforming Config from Bytes to Words
No DEBUG config bit!
Adding CHS bits to ADCON0
Unrecognised interrupt source:            CANIE
Unrecognised interrupt source:            CANRXIE
Unrecognised interrupt source:            CANTXIE
Unrecognised interrupt source:            PWM4PIE
Unrecognised interrupt source:            DMA7SCNTIE
Unrecognised interrupt source:            DMA7DCNTIE
Unrecognised interrupt source:            DMA7ORIE
Unrecognised interrupt source:            DMA7AIE
Unrecognised interrupt source:            DMA8SCNTIE
Unrecognised interrupt source:            DMA8DCNTIE
Unrecognised interrupt source:            DMA8ORIE
Unrecognised interrupt source:            DMA8AIE
18F47Q84 (16) 735/1090
Transforming Config from Bytes to Words
No DEBUG config bit!
Adding CHS bits to ADCON0
Unrecognised interrupt source:            CANIE
Unrecognised interrupt source:            CANRXIE
Unrecognised interrupt source:            CANTXIE
Unrecognised interrupt source:            PWM4PIE
Unrecognised interrupt source:            DMA7SCNTIE
Unrecognised interrupt source:            DMA7DCNTIE
Unrecognised interrupt source:            DMA7ORIE
Unrecognised interrupt source:            DMA7AIE
Unrecognised interrupt source:            DMA8SCNTIE
Unrecognised interrupt source:            DMA8DCNTIE
Unrecognised interrupt source:            DMA8ORIE
Unrecognised interrupt source:            DMA8AIE
18F55K42 (16) 736/1090
Adding CHS bits to ADCON0
18F55Q43 (16) 737/1090
Transforming Config from Bytes to Words
Adding CHS bits to ADCON0
18F56K42 (16) 738/1090
Adding CHS bits to ADCON0
18F56Q43 (16) 739/1090
Transforming Config from Bytes to Words
Adding CHS bits to ADCON0
18F56Q71 (16) 740/1090
Transforming Config from Bytes to Words
Adding CHS bits to ADCON0
18F56Q83 (16) 741/1090
Transforming Config from Bytes to Words
No DEBUG config bit!
Adding CHS bits to ADCON0
Unrecognised interrupt source:            CANIE
Unrecognised interrupt source:            CANRXIE
Unrecognised interrupt source:            CANTXIE
Unrecognised interrupt source:            PWM4PIE
Unrecognised interrupt source:            DMA7SCNTIE
Unrecognised interrupt source:            DMA7DCNTIE
Unrecognised interrupt source:            DMA7ORIE
Unrecognised interrupt source:            DMA7AIE
Unrecognised interrupt source:            DMA8SCNTIE
Unrecognised interrupt source:            DMA8DCNTIE
Unrecognised interrupt source:            DMA8ORIE
Unrecognised interrupt source:            DMA8AIE
18F56Q84 (16) 742/1090
Transforming Config from Bytes to Words
No DEBUG config bit!
Adding CHS bits to ADCON0
Unrecognised interrupt source:            CANIE
Unrecognised interrupt source:            CANRXIE
Unrecognised interrupt source:            CANTXIE
Unrecognised interrupt source:            PWM4PIE
Unrecognised interrupt source:            DMA7SCNTIE
Unrecognised interrupt source:            DMA7DCNTIE
Unrecognised interrupt source:            DMA7ORIE
Unrecognised interrupt source:            DMA7AIE
Unrecognised interrupt source:            DMA8SCNTIE
Unrecognised interrupt source:            DMA8DCNTIE
Unrecognised interrupt source:            DMA8ORIE
Unrecognised interrupt source:            DMA8AIE
18F57K42 (16) 743/1090
Adding CHS bits to ADCON0
18F57Q43 (16) 744/1090
Transforming Config from Bytes to Words
Adding CHS bits to ADCON0
18F57Q83 (16) 745/1090
Transforming Config from Bytes to Words
No DEBUG config bit!
Adding CHS bits to ADCON0
Unrecognised interrupt source:            CANIE
Unrecognised interrupt source:            CANRXIE
Unrecognised interrupt source:            CANTXIE
Unrecognised interrupt source:            PWM4PIE
Unrecognised interrupt source:            DMA7SCNTIE
Unrecognised interrupt source:            DMA7DCNTIE
Unrecognised interrupt source:            DMA7ORIE
Unrecognised interrupt source:            DMA7AIE
Unrecognised interrupt source:            DMA8SCNTIE
Unrecognised interrupt source:            DMA8DCNTIE
Unrecognised interrupt source:            DMA8ORIE
Unrecognised interrupt source:            DMA8AIE
18F57Q84 (16) 746/1090
Transforming Config from Bytes to Words
No DEBUG config bit!
Adding CHS bits to ADCON0
Unrecognised interrupt source:            CANIE
Unrecognised interrupt source:            CANRXIE
Unrecognised interrupt source:            CANTXIE
Unrecognised interrupt source:            PWM4PIE
Unrecognised interrupt source:            DMA7SCNTIE
Unrecognised interrupt source:            DMA7DCNTIE
Unrecognised interrupt source:            DMA7ORIE
Unrecognised interrupt source:            DMA7AIE
Unrecognised interrupt source:            DMA8SCNTIE
Unrecognised interrupt source:            DMA8DCNTIE
Unrecognised interrupt source:            DMA8ORIE
Unrecognised interrupt source:            DMA8AIE
18F6310 (16) 747/1090
18F6390 (16) 748/1090
18F6393 (16) 749/1090
18F63J11 (16) 750/1090
18F63J90 (16) 751/1090
18F6410 (16) 752/1090
18F6490 (16) 753/1090
18F6493 (16) 754/1090
18F64J11 (16) 755/1090
18F64J90 (16) 756/1090
18F6520 (16) 757/1090
Bad polarity: shared
18F6525 (16) 758/1090
18F6527 (16) 759/1090
Bad polarity: shared
Added missing XINST default (set OFF)
18F6585 (16) 760/1090
Warning: W101: unusual int osc speed:0 (Has OSCCON, Has SPLLEN/PLLEN)
18F65J10 (16) 761/1090
Bad polarity: shared
18F65J11 (16) 762/1090
18F65J15 (16) 763/1090
Bad polarity: shared
18F65J50 (16) 764/1090
18F65J90 (16) 765/1090
18F65J94 (16) 766/1090
Odd config word number: -7
Unrecognised interrupt source:            ECCP3IE
Chip data file is suspect
18F65K22 (16) 767/1090
Added missing SOSCSEL default (set DIG)
18F65K40 (16) 768/1090
18F65K80 (16) 769/1090
No DEBUG config bit!
Added missing SOSCSEL default (set DIG)
18F65K90 (16) 770/1090
Added missing SOSCSEL default (set DIG)
18F6620 (16) 771/1090
Bad polarity: shared
18F6621 (16) 772/1090
Warning: W101: unusual int osc speed:0 (Has OSCCON, Has SPLLEN/PLLEN)
18F6622 (16) 773/1090
Bad polarity: shared
Added missing XINST default (set OFF)
18F6627 (16) 774/1090
Bad polarity: shared
Added missing XINST default (set OFF)
18F6628 (16) 775/1090
18F6680 (16) 776/1090
18F66J10 (16) 777/1090
Bad polarity: shared
18F66J11 (16) 778/1090
18F66J15 (16) 779/1090
Bad polarity: shared
18F66J16 (16) 780/1090
18F66J50 (16) 781/1090
18F66J55 (16) 782/1090
18F66J60 (16) 783/1090
18F66J65 (16) 784/1090
18F66J90 (16) 785/1090
18F66J93 (16) 786/1090
No DEBUG config bit!
18F66J94 (16) 787/1090
Odd config word number: -7
Unrecognised interrupt source:            ECCP3IE
Chip data file is suspect
18F66J99 (16) 788/1090
Ghost chip, never manufactured
Warning: W101: unusual int osc speed:0 (Has OSCCON, Has SPLLEN/PLLEN)
Odd config word number: -7
No pinout found, and could not guess
Unrecognised interrupt source:            ECCP3IE
Chip data file is suspect
18F66K22 (16) 789/1090
Added missing SOSCSEL default (set DIG)
18F66K40 (16) 790/1090
18F66K80 (16) 791/1090
No DEBUG config bit!
Added missing SOSCSEL default (set DIG)
18F66K90 (16) 792/1090
Added missing SOSCSEL default (set DIG)
18F6720 (16) 793/1090
Bad polarity: shared
18F6722 (16) 794/1090
Bad polarity: shared
Added missing XINST default (set OFF)
18F6723 (16) 795/1090
18F67J10 (16) 796/1090
Bad polarity: shared
18F67J11 (16) 797/1090
18F67J50 (16) 798/1090
18F67J60 (16) 799/1090
18F67J90 (16) 800/1090
18F67J93 (16) 801/1090
No DEBUG config bit!
18F67J94 (16) 802/1090
No DEBUG config bit!
Unrecognised interrupt source:            ECCP3IE
18F67K22 (16) 803/1090
Added missing SOSCSEL default (set DIG)
18F67K40 (16) 804/1090
18F67K90 (16) 805/1090
Added missing SOSCSEL default (set DIG)
18F8310 (16) 806/1090
18F8390 (16) 807/1090
18F8393 (16) 808/1090
18F83J11 (16) 809/1090
18F83J90 (16) 810/1090
18F8410 (16) 811/1090
18F8490 (16) 812/1090
18F8493 (16) 813/1090
18F84J11 (16) 814/1090
18F84J90 (16) 815/1090
18F8520 (16) 816/1090
Bad polarity: shared
18F8525 (16) 817/1090
Warning: W101: unusual int osc speed:0 (Has OSCCON, Has SPLLEN/PLLEN)
18F8527 (16) 818/1090
Bad polarity: shared
Added missing XINST default (set OFF)
18F8585 (16) 819/1090
Warning: W101: unusual int osc speed:0 (Has OSCCON, Has SPLLEN/PLLEN)
18F85J10 (16) 820/1090
Bad polarity: shared
18F85J11 (16) 821/1090
18F85J15 (16) 822/1090
Bad polarity: shared
18F85J50 (16) 823/1090
18F85J90 (16) 824/1090
18F85J94 (16) 825/1090
Odd config word number: -7
Unrecognised interrupt source:            ECCP3IE
Chip data file is suspect
18F85K22 (16) 826/1090
Added missing SOSCSEL default (set DIG)
18F85K90 (16) 827/1090
Added missing SOSCSEL default (set DIG)
18F8620 (16) 828/1090
Bad polarity: shared
18F8621 (16) 829/1090
Warning: W101: unusual int osc speed:0 (Has OSCCON, Has SPLLEN/PLLEN)
18F8622 (16) 830/1090
Bad polarity: shared
Added missing XINST default (set OFF)
18F8627 (16) 831/1090
Bad polarity: shared
Added missing XINST default (set OFF)
18F8628 (16) 832/1090
18F8680 (16) 833/1090
Bad polarity: shared
18F86J10 (16) 834/1090
Bad polarity: shared
18F86J11 (16) 835/1090
18F86J15 (16) 836/1090
Bad polarity: shared
18F86J16 (16) 837/1090
18F86J50 (16) 838/1090
18F86J55 (16) 839/1090
18F86J60 (16) 840/1090
18F86J65 (16) 841/1090
18F86J72 (16) 842/1090
No DEBUG config bit!
18F86J90 (16) 843/1090
18F86J93 (16) 844/1090
No DEBUG config bit!
18F86J94 (16) 845/1090
Odd config word number: -7
Unrecognised interrupt source:            ECCP3IE
Chip data file is suspect
18F86J99 (16) 846/1090
Ghost chip, never manufactured
Warning: W101: unusual int osc speed:0 (Has OSCCON, Has SPLLEN/PLLEN)
Odd config word number: -7
No pinout found, and could not guess
Unrecognised interrupt source:            ECCP3IE
Chip data file is suspect
18F86K22 (16) 847/1090
Added missing SOSCSEL default (set DIG)
18F86K90 (16) 848/1090
Added missing SOSCSEL default (set DIG)
18F8720 (16) 849/1090
Bad polarity: shared
18F8722 (16) 850/1090
Bad polarity: shared
18F8723 (16) 851/1090
18F87J10 (16) 852/1090
Bad polarity: shared
18F87J11 (16) 853/1090
18F87J50 (16) 854/1090
18F87J60 (16) 855/1090
18F87J72 (16) 856/1090
No DEBUG config bit!
18F87J90 (16) 857/1090
18F87J93 (16) 858/1090
No DEBUG config bit!
18F87J94 (16) 859/1090
No DEBUG config bit!
Unrecognised interrupt source:            ECCP3IE
18F87K22 (16) 860/1090
Added missing SOSCSEL default (set DIG)
18F87K90 (16) 861/1090
Added missing SOSCSEL default (set DIG)
18F95J94 (16) 862/1090
Odd config word number: -7
Unrecognised interrupt source:            ECCP3IE
Chip data file is suspect
18F96J60 (16) 863/1090
18F96J65 (16) 864/1090
18F96J72 (16) 865/1090
Ghost chip, never manufactured
Warning: W101: unusual int osc speed:0 (Has OSCCON, Has SPLLEN/PLLEN)
Chip data file is suspect
18F96J94 (16) 866/1090
Odd config word number: -7
Unrecognised interrupt source:            ECCP3IE
Chip data file is suspect
18F96J99 (16) 867/1090
Ghost chip, never manufactured
Warning: W101: unusual int osc speed:0 (Has OSCCON, Has SPLLEN/PLLEN)
Odd config word number: -7
No pinout found, and could not guess
Unrecognised interrupt source:            ECCP3IE
Chip data file is suspect
18F97J60 (16) 868/1090
18F97J72 (16) 869/1090
Ghost chip, never manufactured
Warning: W101: unusual int osc speed:0 (Has OSCCON, Has SPLLEN/PLLEN)
Chip data file is suspect
18F97J94 (16) 870/1090
No DEBUG config bit!
Unrecognised interrupt source:            ECCP3IE
18LF1220 (16) 871/1090
18LF1230 (16) 872/1090
Config word for T1OSCMX_LOW is unclear
Config word for T1OSCMX_HIGH is unclear
18LF1320 (16) 873/1090
18LF1330 (16) 874/1090
Config word for T1OSCMX_LOW is unclear
Config word for T1OSCMX_HIGH is unclear
18LF13K22 (16) 875/1090
Unrecognised interrupt source:            PIE
18LF13K50 (16) 876/1090
18LF14K22 (16) 877/1090
Unrecognised interrupt source:            PIE
18LF14K50 (16) 878/1090
18LF2220 (16) 879/1090
18LF2221 (16) 880/1090
18LF2320 (16) 881/1090
18LF2321 (16) 882/1090
18LF2331 (16) 883/1090
18LF23K22 (16) 884/1090
18LF2410 (16) 885/1090
18LF242 (16) 886/1090
Config word for BORV is unclear
18LF2420 (16) 887/1090
18LF2423 (16) 888/1090
18LF2420 (16) 887/1090
18LF2423 (16) 888/1090
18LF2431 (16) 889/1090
18LF2439 (16) 890/1090
18LF2450 (16) 891/1090
18LF2455 (16) 892/1090
18LF2458 (16) 893/1090
18LF248 (16) 894/1090
Config word for BORV is unclear
Unrecognised interrupt source:            RX0IE
Unrecognised interrupt source:            RX1IE
Unrecognised interrupt source:            TX0IE
Unrecognised interrupt source:            IVRE
18LF2480 (16) 895/1090
18LF2480 (16) 895/1090
18LF24J10 (16) 896/1090
18LF24J11 (16) 897/1090
18LF24J50 (16) 898/1090
No DEBUG config bit!
18LF24K22 (16) 899/1090
18LF24K40 (16) 900/1090
18LF24K42 (16) 901/1090
Adding CHS bits to ADCON0
18LF24K50 (16) 902/1090
Adding CHS bits to ADCON0
18LF2510 (16) 903/1090
18LF2515 (16) 904/1090
18LF252 (16) 905/1090
Config word for BORV is unclear
18LF2520 (16) 906/1090
18LF2523 (16) 907/1090
18LF2525 (16) 908/1090
18LF2520 (16) 906/1090
18LF2523 (16) 907/1090
18LF2525 (16) 908/1090
18LF2539 (16) 909/1090
18LF2550 (16) 910/1090
18LF2553 (16) 911/1090
18LF258 (16) 912/1090
Config word for BORV is unclear
Unrecognised interrupt source:            RX0IE
Unrecognised interrupt source:            RX1IE
Unrecognised interrupt source:            TX0IE
Unrecognised interrupt source:            IVRE
18LF2580 (16) 913/1090
18LF2585 (16) 914/1090
18LF2580 (16) 913/1090
18LF2585 (16) 914/1090
18LF25J10 (16) 915/1090
18LF25J11 (16) 916/1090
18LF25J50 (16) 917/1090
No DEBUG config bit!
18LF25K22 (16) 918/1090
18LF25K40 (16) 919/1090
18LF25K42 (16) 920/1090
Adding CHS bits to ADCON0
18LF25K50 (16) 921/1090
Adding CHS bits to ADCON0
18LF25K80 (16) 922/1090
No DEBUG config bit!
Added missing SOSCSEL default (set DIG)
18LF25K83 (16) 923/1090
Added missing XINST default (set OFF)
Adding CHS bits to ADCON0
Unrecognised interrupt source:            FIFOFIE
18LF2610 (16) 924/1090
18LF2620 (16) 925/1090
18LF2680 (16) 926/1090
18LF2682 (16) 927/1090
18LF2685 (16) 928/1090
18LF26J11 (16) 929/1090
18LF26J13 (16) 930/1090
No DEBUG config bit!
18LF26J50 (16) 931/1090
No DEBUG config bit!
18LF26J53 (16) 932/1090
No DEBUG config bit!
18LF26K22 (16) 933/1090
18LF26K40 (16) 934/1090
18LF26K42 (16) 935/1090
Adding CHS bits to ADCON0
18LF26K80 (16) 936/1090
No DEBUG config bit!
Added missing SOSCSEL default (set DIG)
18LF26K83 (16) 937/1090
Added missing XINST default (set OFF)
Adding CHS bits to ADCON0
Unrecognised interrupt source:            FIFOFIE
18LF27J13 (16) 938/1090
No DEBUG config bit!
18LF27J53 (16) 939/1090
No DEBUG config bit!
18LF27K40 (16) 940/1090
18LF27K42 (16) 941/1090
Adding CHS bits to ADCON0
18LF4220 (16) 942/1090
18LF4221 (16) 943/1090
18LF4320 (16) 944/1090
18LF4321 (16) 945/1090
18LF4331 (16) 946/1090
18LF43K22 (16) 947/1090
18LF4410 (16) 948/1090
18LF442 (16) 949/1090
Config word for BORV is unclear
18LF4420 (16) 950/1090
18LF4423 (16) 951/1090
18LF4420 (16) 950/1090
18LF4423 (16) 951/1090
18LF4431 (16) 952/1090
18LF4439 (16) 953/1090
18LF4450 (16) 954/1090
18LF4455 (16) 955/1090
18LF4458 (16) 956/1090
18LF448 (16) 957/1090
Config word for BORV is unclear
Unrecognised interrupt source:            RX0IE
Unrecognised interrupt source:            RX1IE
Unrecognised interrupt source:            TX0IE
Unrecognised interrupt source:            IVRE
18LF4480 (16) 958/1090
18LF4480 (16) 958/1090
18LF44J10 (16) 959/1090
18LF44J11 (16) 960/1090
18LF44J50 (16) 961/1090
No DEBUG config bit!
18LF44K22 (16) 962/1090
18LF4510 (16) 963/1090
18LF4515 (16) 964/1090
18LF452 (16) 965/1090
Config word for BORV is unclear
18LF4520 (16) 966/1090
18LF4523 (16) 967/1090
18LF4525 (16) 968/1090
18LF4520 (16) 966/1090
18LF4523 (16) 967/1090
18LF4525 (16) 968/1090
18LF4539 (16) 969/1090
18LF4550 (16) 970/1090
18LF4553 (16) 971/1090
18LF458 (16) 972/1090
Config word for BORV is unclear
Unrecognised interrupt source:            RX0IE
Unrecognised interrupt source:            RX1IE
Unrecognised interrupt source:            TX0IE
Unrecognised interrupt source:            IVRE
18LF4580 (16) 973/1090
18LF4585 (16) 974/1090
18LF4580 (16) 973/1090
18LF4585 (16) 974/1090
18LF45J10 (16) 975/1090
18LF45J11 (16) 976/1090
18LF45J50 (16) 977/1090
No DEBUG config bit!
18LF45K22 (16) 978/1090
18LF45K40 (16) 979/1090
18LF45K42 (16) 980/1090
Adding CHS bits to ADCON0
18LF45K50 (16) 981/1090
Adding CHS bits to ADCON0
18LF45K80 (16) 982/1090
No DEBUG config bit!
Added missing SOSCSEL default (set DIG)
18LF4610 (16) 983/1090
18LF4620 (16) 984/1090
18LF4680 (16) 985/1090
18LF4682 (16) 986/1090
18LF4685 (16) 987/1090
18LF46J11 (16) 988/1090
18LF46J13 (16) 989/1090
No DEBUG config bit!
18LF46J50 (16) 990/1090
No DEBUG config bit!
18LF46J53 (16) 991/1090
Warning: W101: unusual int osc speed:0 (Has OSCCON, Has SPLLEN/PLLEN)
No DEBUG config bit!
18LF46K22 (16) 992/1090
18LF46K40 (16) 993/1090
18LF46K42 (16) 994/1090
Adding CHS bits to ADCON0
18LF46K80 (16) 995/1090
No DEBUG config bit!
Added missing SOSCSEL default (set DIG)
18LF47J13 (16) 996/1090
No DEBUG config bit!
18LF47J53 (16) 997/1090
No DEBUG config bit!
18LF47K40 (16) 998/1090
18LF47K42 (16) 999/1090
Adding CHS bits to ADCON0
18LF55K42 (16) 1000/1090
Adding CHS bits to ADCON0
18LF56K42 (16) 1001/1090
Adding CHS bits to ADCON0
18LF57K42 (16) 1002/1090
Adding CHS bits to ADCON0
18LF6310 (16) 1003/1090
18LF6390 (16) 1004/1090
18LF6393 (16) 1005/1090
18LF6410 (16) 1006/1090
18LF6490 (16) 1007/1090
18LF6493 (16) 1008/1090
18LF6520 (16) 1009/1090
Config word for BORV is unclear
18LF6525 (16) 1010/1090
18LF6527 (16) 1011/1090
18LF6585 (16) 1012/1090
Warning: W101: unusual int osc speed:0 (Has OSCCON, Has SPLLEN/PLLEN)
18LF65K40 (16) 1013/1090
18LF65K80 (16) 1014/1090
No DEBUG config bit!
Added missing SOSCSEL default (set DIG)
18LF6620 (16) 1015/1090
Config word for BORV is unclear
18LF6621 (16) 1016/1090
Warning: W101: unusual int osc speed:0 (Has OSCCON, Has SPLLEN/PLLEN)
18LF6622 (16) 1017/1090
18LF6627 (16) 1018/1090
18LF6628 (16) 1019/1090
18LF6680 (16) 1020/1090
18LF66K40 (16) 1021/1090
18LF66K80 (16) 1022/1090
No DEBUG config bit!
Added missing SOSCSEL default (set DIG)
18LF6720 (16) 1023/1090
Config word for BORV is unclear
18LF6722 (16) 1024/1090
18LF6723 (16) 1025/1090
18LF67K40 (16) 1026/1090
18LF8310 (16) 1027/1090
18LF8390 (16) 1028/1090
18LF8393 (16) 1029/1090
18LF8410 (16) 1030/1090
18LF8490 (16) 1031/1090
18LF8493 (16) 1032/1090
18LF8520 (16) 1033/1090
Config word for BORV is unclear
18LF8525 (16) 1034/1090
Warning: W101: unusual int osc speed:0 (Has OSCCON, Has SPLLEN/PLLEN)
18LF8527 (16) 1035/1090
18LF8585 (16) 1036/1090
Warning: W101: unusual int osc speed:0 (Has OSCCON, Has SPLLEN/PLLEN)
18LF8620 (16) 1037/1090
Config word for BORV is unclear
18LF8621 (16) 1038/1090
Warning: W101: unusual int osc speed:0 (Has OSCCON, Has SPLLEN/PLLEN)
18LF8622 (16) 1039/1090
18LF8627 (16) 1040/1090
18LF8628 (16) 1041/1090
18LF8680 (16) 1042/1090
18LF8720 (16) 1043/1090
Config word for BORV is unclear
18LF8722 (16) 1044/1090
18LF8723 (16) 1045/1090
18MACRO (14) 1046/1090
Missing data in chipdata.csv
Could not build memory map
No pinout found, and could not guess
Chip data file is suspect
